mode: set
github.com/KOMA-UW/ahod/servers/gateway/sessions/session.go:22.119,32.16 2 1
github.com/KOMA-UW/ahod/servers/gateway/sessions/session.go:36.2,37.16 2 1
github.com/KOMA-UW/ahod/servers/gateway/sessions/session.go:41.2,42.23 2 1
github.com/KOMA-UW/ahod/servers/gateway/sessions/session.go:32.16,34.3 1 1
github.com/KOMA-UW/ahod/servers/gateway/sessions/session.go:37.16,39.3 1 0
github.com/KOMA-UW/ahod/servers/gateway/sessions/session.go:46.74,53.21 2 1
github.com/KOMA-UW/ahod/servers/gateway/sessions/session.go:59.2,59.45 1 1
github.com/KOMA-UW/ahod/servers/gateway/sessions/session.go:63.2,65.16 3 1
github.com/KOMA-UW/ahod/servers/gateway/sessions/session.go:68.2,68.23 1 1
github.com/KOMA-UW/ahod/servers/gateway/sessions/session.go:53.21,55.22 2 1
github.com/KOMA-UW/ahod/servers/gateway/sessions/session.go:55.22,57.4 1 1
github.com/KOMA-UW/ahod/servers/gateway/sessions/session.go:59.45,61.3 1 1
github.com/KOMA-UW/ahod/servers/gateway/sessions/session.go:65.16,67.3 1 1
github.com/KOMA-UW/ahod/servers/gateway/sessions/session.go:74.109,80.16 2 1
github.com/KOMA-UW/ahod/servers/gateway/sessions/session.go:84.2,86.16 2 1
github.com/KOMA-UW/ahod/servers/gateway/sessions/session.go:89.2,89.23 1 1
github.com/KOMA-UW/ahod/servers/gateway/sessions/session.go:80.16,82.3 1 1
github.com/KOMA-UW/ahod/servers/gateway/sessions/session.go:86.16,88.3 1 1
github.com/KOMA-UW/ahod/servers/gateway/sessions/session.go:95.85,101.16 2 1
github.com/KOMA-UW/ahod/servers/gateway/sessions/session.go:106.2,107.16 2 1
github.com/KOMA-UW/ahod/servers/gateway/sessions/session.go:110.2,110.23 1 1
github.com/KOMA-UW/ahod/servers/gateway/sessions/session.go:101.16,104.3 1 1
github.com/KOMA-UW/ahod/servers/gateway/sessions/session.go:107.16,109.3 1 0
github.com/KOMA-UW/ahod/servers/gateway/sessions/sessionid.go:39.57,42.26 1 1
github.com/KOMA-UW/ahod/servers/gateway/sessions/sessionid.go:53.2,59.16 4 1
github.com/KOMA-UW/ahod/servers/gateway/sessions/sessionid.go:63.2,77.26 8 1
github.com/KOMA-UW/ahod/servers/gateway/sessions/sessionid.go:42.26,44.3 1 1
github.com/KOMA-UW/ahod/servers/gateway/sessions/sessionid.go:59.16,61.3 1 0
github.com/KOMA-UW/ahod/servers/gateway/sessions/sessionid.go:83.66,93.16 2 1
github.com/KOMA-UW/ahod/servers/gateway/sessions/sessionid.go:97.2,106.45 6 1
github.com/KOMA-UW/ahod/servers/gateway/sessions/sessionid.go:109.2,109.27 1 1
github.com/KOMA-UW/ahod/servers/gateway/sessions/sessionid.go:93.16,95.3 1 1
github.com/KOMA-UW/ahod/servers/gateway/sessions/sessionid.go:106.45,108.3 1 1
github.com/KOMA-UW/ahod/servers/gateway/sessions/sessionid.go:113.38,115.2 1 1
github.com/KOMA-UW/ahod/servers/gateway/sessions/memstore.go:18.88,22.2 1 1
github.com/KOMA-UW/ahod/servers/gateway/sessions/memstore.go:27.66,29.16 2 1
github.com/KOMA-UW/ahod/servers/gateway/sessions/memstore.go:32.2,33.12 2 1
github.com/KOMA-UW/ahod/servers/gateway/sessions/memstore.go:29.16,31.3 1 1
github.com/KOMA-UW/ahod/servers/gateway/sessions/memstore.go:38.65,40.12 2 1
github.com/KOMA-UW/ahod/servers/gateway/sessions/memstore.go:44.2,45.42 2 1
github.com/KOMA-UW/ahod/servers/gateway/sessions/memstore.go:40.12,42.3 1 1
github.com/KOMA-UW/ahod/servers/gateway/sessions/memstore.go:49.49,52.2 2 1
github.com/KOMA-UW/ahod/servers/gateway/sessions/redisstore.go:20.85,22.19 1 1
github.com/KOMA-UW/ahod/servers/gateway/sessions/redisstore.go:31.2,34.3 1 1
github.com/KOMA-UW/ahod/servers/gateway/sessions/redisstore.go:22.19,28.3 1 0
github.com/KOMA-UW/ahod/servers/gateway/sessions/redisstore.go:42.75,47.16 2 1
github.com/KOMA-UW/ahod/servers/gateway/sessions/redisstore.go:51.2,52.16 2 1
github.com/KOMA-UW/ahod/servers/gateway/sessions/redisstore.go:55.2,55.12 1 0
github.com/KOMA-UW/ahod/servers/gateway/sessions/redisstore.go:47.16,49.3 1 0
github.com/KOMA-UW/ahod/servers/gateway/sessions/redisstore.go:52.16,54.3 1 1
github.com/KOMA-UW/ahod/servers/gateway/sessions/redisstore.go:60.74,80.16 7 1
github.com/KOMA-UW/ahod/servers/gateway/sessions/redisstore.go:84.2,85.16 2 0
github.com/KOMA-UW/ahod/servers/gateway/sessions/redisstore.go:89.2,90.16 2 0
github.com/KOMA-UW/ahod/servers/gateway/sessions/redisstore.go:94.2,94.12 1 0
github.com/KOMA-UW/ahod/servers/gateway/sessions/redisstore.go:80.16,82.3 1 1
github.com/KOMA-UW/ahod/servers/gateway/sessions/redisstore.go:85.16,87.3 1 0
github.com/KOMA-UW/ahod/servers/gateway/sessions/redisstore.go:90.16,92.3 1 0
github.com/KOMA-UW/ahod/servers/gateway/sessions/redisstore.go:98.51,100.63 1 0
github.com/KOMA-UW/ahod/servers/gateway/sessions/redisstore.go:104.2,104.12 1 0
github.com/KOMA-UW/ahod/servers/gateway/sessions/redisstore.go:100.63,102.3 1 0
github.com/KOMA-UW/ahod/servers/gateway/sessions/redisstore.go:108.43,113.2 1 1
